[ 2025-09-25 15:27:45,811 ] 21 root - INFO - Working is started
[ 2025-09-25 15:27:45,848 ] 24 root - INFO - DataSet Reading Successfully
[ 2025-09-25 15:27:45,985 ] 30 root - INFO - Training and Testing Data is Done
[ 2025-09-25 15:27:46,128 ] 35 root - INFO - Train Csv is done
[ 2025-09-25 15:27:46,129 ] 9 root - INFO - Train Set artifacts\train.csv test_set artifacts\test.csv
[ 2025-09-25 15:27:46,171 ] 56 root - INFO - Read train and test data completed
[ 2025-09-25 15:27:46,176 ] 57 root - INFO - Train DataFrame Head : 
   Unnamed: 0      date     price  bedrooms  bathrooms  sqft_living  sqft_lot  floors  waterfront  view  condition  grade  sqft_above  sqft_basement  yr_built  yr_renovated  zipcode
0        6325  20140527  325000.0       3.0       1.75         1780     13095     1.0           0     0          4      9        1780              0      1983             0    98042
1       13473  20150310  257000.0       2.0       1.00         1000      3700     1.0           0     0          3      6         800            200      1929             0    98118
2       17614  20150226  228500.0       3.0       1.00         1080      7486     1.5           0     0          3      6         990             90      1942             0    98146
3       16970  20150108  288000.0       3.0       2.25         2090      7500     1.0           0     0          4      7        1280            810      1977             0    98031
4       20868  20150417  479000.0       2.0       2.50         1741      1439     2.0           0     0          3      8        1446            295      2007             0    98034
[ 2025-09-25 15:27:46,180 ] 58 root - INFO - Test DataFrame Head : 
   Unnamed: 0      date      price  bedrooms  bathrooms  sqft_living  sqft_lot  floors  waterfront  view  condition  grade  sqft_above  sqft_basement  yr_built  yr_renovated  zipcode
0         735  20141006   365000.0       4.0       2.25         2070      8893     2.0           0     0          4      8        2070              0      1986             0    98058
1        2830  20140821   865000.0       5.0       3.00         2900      6730     1.0           0     0          5      8        1830           1070      1977             0    98115
2        4106  20140815  1038000.0       4.0       2.50         3770     10893     2.0           0     2          3     11        3770              0      1997             0    98006
3       16218  20150331  1490000.0       3.0       3.50         4560     14608     2.0           0     2          3     12        4560              0      1990             0    98034
4       19964  20140714   711000.0       3.0       2.50         2550      5376     2.0           0     0          3      9        2550              0      2004             0    98052
[ 2025-09-25 15:27:46,180 ] 27 root - INFO - Working started Data Transformation
[ 2025-09-25 15:27:46,180 ] 35 root - INFO - Pipeline is initiated
[ 2025-09-25 15:27:46,180 ] 44 root - INFO - preprocessor is created
[ 2025-09-25 15:27:46,218 ] 75 root - INFO - Tranformation Problem here
[ 2025-09-25 15:27:46,218 ] 76 root - INFO - Applied preprocessing object on training and testing data
[ 2025-09-25 15:27:46,220 ] 82 root - INFO - combined features
[ 2025-09-25 15:27:46,220 ] 97 root - INFO - Error in Transformation 'DataTransformation' object has no attribute 'data_transformation_config'
